[debug] [2026-05-31T04:13:29.773Z] ----------------------------------------------------------------------
[debug] [2026-05-31T04:13:29.779Z] Command:       C:\Program Files\nodejs\node.exe C:\Users\pulse\AppData\Roaming\npm\node_modules\firebase-tools\lib\bin\firebase.js projects:list
[debug] [2026-05-31T04:13:29.780Z] CLI Version:   13.24.2
[debug] [2026-05-31T04:13:29.781Z] Platform:      win32
[debug] [2026-05-31T04:13:29.781Z] Node Version:  v22.17.0
[debug] [2026-05-31T04:13:29.782Z] Time:          Sun May 31 2026 09:43:29 GMT+0530 (India Standard Time)
[debug] [2026-05-31T04:13:29.782Z] ----------------------------------------------------------------------
[debug] 
[debug] [2026-05-31T04:13:29.935Z] > command requires scopes: ["email","openid","https://www.googleapis.com/auth/cloudplatformprojects.readonly","https://www.googleapis.com/auth/firebase","https://www.googleapis.com/auth/cloud-platform"]
[debug] [2026-05-31T04:13:29.936Z] > authorizing via signed-in user (pulse.rajan22@gmail.com)
[debug] [2026-05-31T04:13:29.944Z] Checked if tokens are valid: false, expires at: 1731236809351
[debug] [2026-05-31T04:13:29.945Z] Checked if tokens are valid: false, expires at: 1731236809351
[debug] [2026-05-31T04:13:29.945Z] > refreshing access token with scopes: []
[debug] [2026-05-31T04:13:29.950Z] >>> [apiv2][query] POST https://www.googleapis.com/oauth2/v3/token [none]
[debug] [2026-05-31T04:13:29.950Z] >>> [apiv2][body] POST https://www.googleapis.com/oauth2/v3/token [omitted]
[debug] [2026-05-31T04:13:30.301Z] <<< [apiv2][status] POST https://www.googleapis.com/oauth2/v3/token 400
[debug] [2026-05-31T04:13:30.302Z] <<< [apiv2][body] POST https://www.googleapis.com/oauth2/v3/token [omitted]
[debug] [2026-05-31T04:13:30.303Z] >>> [apiv2][query] GET https://firebase.googleapis.com/v1beta1/projects pageSize=1000
[debug] [2026-05-31T04:13:31.317Z] <<< [apiv2][status] GET https://firebase.googleapis.com/v1beta1/projects 401
[debug] [2026-05-31T04:13:31.317Z] <<< [apiv2][body] GET https://firebase.googleapis.com/v1beta1/projects [omitted]
[debug] [2026-05-31T04:13:31.317Z] Got a 401 Unauthenticated error for a call that required authentication. Refreshing tokens.
[debug] [2026-05-31T04:13:31.317Z] Checked if tokens are valid: false, expires at: 1731236809351
[debug] [2026-05-31T04:13:31.317Z] Checked if tokens are valid: false, expires at: 1731236809351
[debug] [2026-05-31T04:13:31.317Z] > refreshing access token with scopes: []
[debug] [2026-05-31T04:13:31.318Z] >>> [apiv2][query] POST https://www.googleapis.com/oauth2/v3/token [none]
[debug] [2026-05-31T04:13:31.318Z] >>> [apiv2][body] POST https://www.googleapis.com/oauth2/v3/token [omitted]
[debug] [2026-05-31T04:13:31.879Z] <<< [apiv2][status] POST https://www.googleapis.com/oauth2/v3/token 400
[debug] [2026-05-31T04:13:31.879Z] <<< [apiv2][body] POST https://www.googleapis.com/oauth2/v3/token [omitted]
[debug] [2026-05-31T04:13:31.881Z] Request to https://firebase.googleapis.com/v1beta1/projects?pageSize=1000 had HTTP Error: 401, Request had invalid authentication credentials. Expected OAuth 2 access token, login cookie or other valid authentication credential. See https://developers.google.com/identity/sign-in/web/devconsole-project.
[debug] [2026-05-31T04:13:32.227Z] FirebaseError: Request to https://firebase.googleapis.com/v1beta1/projects?pageSize=1000 had HTTP Error: 401, Request had invalid authentication credentials. Expected OAuth 2 access token, login cookie or other valid authentication credential. See https://developers.google.com/identity/sign-in/web/devconsole-project.
    at responseToError (C:\Users\pulse\AppData\Roaming\npm\node_modules\firebase-tools\lib\responseToError.js:52:12)
    at RetryOperation._fn (C:\Users\pulse\AppData\Roaming\npm\node_modules\firebase-tools\lib\apiv2.js:312:77)
    at process.processTicksAndRejections (node:internal/process/task_queues:105:5)
[error] 
[error] Error: Failed to list Firebase projects. See firebase-debug.log for more info.
